Version v2.0.0 with args '-b 1024 -S 8'
===============================================

rdiff (librsync 2.0.0) [minkirri]
Copyright (C) 1997-2014 by Martin Pool, Andrew Tridgell and others.
http://librsync.sourcefrog.net/
Capabilities: 64 bit files, trace disabled

librsync comes with NO WARRANTY, to the extent permitted by law.
You may redistribute copies of librsync under the terms of the GNU
Lesser General Public License.  For more information about these
matters, see the files named COPYING.

32K blocks of 1K size using sig args '-b 1024 -S 8'
========================================
librsync: signature statistics: signature[32768 blocks, 1024 bytes per block]
0.29user 0.07system 0:00.37elapsed 97%CPU (0avgtext+0avgdata 1732maxresident)k
63080inputs+776outputs (0major+93minor)pagefaults 0swaps

librsync: loadsig statistics: signature[32768 blocks, 1024 bytes per block]
librsync: delta statistics: literal[1050 cmds, 16777216 bytes, 3150 cmdbytes] copy[2 cmds, 16777216 bytes, 0 false, 18 cmdbytes]
4.28user 0.23system 0:04.52elapsed 99%CPU (0avgtext+0avgdata 3824maxresident)k
65536inputs+32776outputs (0major+690minor)pagefaults 0swaps

librsync: patch statistics: literal[1050 cmds, 16777216 bytes, 3150 cmdbytes] copy[2 cmds, 16777216 bytes, 0 false, 18 cmdbytes]
0.03user 0.17system 0:00.21elapsed 98%CPU (0avgtext+0avgdata 1784maxresident)k
0inputs+65536outputs (0major+105minor)pagefaults 0swaps

-rw-rw-r-- 1 abo abo 16780389 Apr 11 11:12 /tmp/delta.32K
-rw-rw-r-- 1 abo abo   393228 Apr 11 11:12 /tmp/sig.32K

51K blocks of 1K size using sig args '-b 1024 -S 8'
========================================
librsync: signature statistics: signature[52224 blocks, 1024 bytes per block]
0.46user 0.10system 0:00.59elapsed 96%CPU (0avgtext+0avgdata 1800maxresident)k
99584inputs+1232outputs (0major+98minor)pagefaults 0swaps

librsync: loadsig statistics: signature[52224 blocks, 1024 bytes per block]
librsync: delta statistics: literal[1672 cmds, 26738688 bytes, 5016 cmdbytes] copy[2 cmds, 26738688 bytes, 0 false, 18 cmdbytes]
8.71user 0.42system 0:09.14elapsed 99%CPU (0avgtext+0avgdata 4792maxresident)k
104456inputs+52248outputs (0major+917minor)pagefaults 0swaps

librsync: patch statistics: literal[1672 cmds, 26738688 bytes, 5016 cmdbytes] copy[2 cmds, 26738688 bytes, 0 false, 18 cmdbytes]
0.02user 0.31system 0:00.34elapsed 98%CPU (0avgtext+0avgdata 1756maxresident)k
0inputs+104448outputs (0major+100minor)pagefaults 0swaps

-rw-rw-r-- 1 abo abo 26743727 Apr 11 11:12 /tmp/delta.51K
-rw-rw-r-- 1 abo abo   626700 Apr 11 11:12 /tmp/sig.51K

52K blocks of 1K size using sig args '-b 1024 -S 8'
========================================
librsync: signature statistics: signature[53248 blocks, 1024 bytes per block]
0.50user 0.09system 0:00.59elapsed 99%CPU (0avgtext+0avgdata 1760maxresident)k
106496inputs+1256outputs (0major+95minor)pagefaults 0swaps

librsync: loadsig statistics: signature[53248 blocks, 1024 bytes per block]
librsync: delta statistics: literal[1704 cmds, 27262976 bytes, 5112 cmdbytes] copy[2 cmds, 27262976 bytes, 0 false, 18 cmdbytes]
8.81user 0.37system 0:09.19elapsed 99%CPU (0avgtext+0avgdata 4792maxresident)k
106496inputs+53272outputs (0major+928minor)pagefaults 0swaps

librsync: patch statistics: literal[1704 cmds, 27262976 bytes, 5112 cmdbytes] copy[2 cmds, 27262976 bytes, 0 false, 18 cmdbytes]
0.03user 0.30system 0:00.34elapsed 99%CPU (0avgtext+0avgdata 1780maxresident)k
0inputs+106496outputs (0major+109minor)pagefaults 0swaps

-rw-rw-r-- 1 abo abo 27268111 Apr 11 11:12 /tmp/delta.52K
-rw-rw-r-- 1 abo abo   638988 Apr 11 11:12 /tmp/sig.52K

64K blocks of 1K size using sig args '-b 1024 -S 8'
========================================
librsync: signature statistics: signature[65536 blocks, 1024 bytes per block]
0.60user 0.11system 0:00.72elapsed 99%CPU (0avgtext+0avgdata 1736maxresident)k
131072inputs+1544outputs (0major+93minor)pagefaults 0swaps

librsync: loadsig statistics: signature[65536 blocks, 1024 bytes per block]
librsync: delta statistics: literal[2098 cmds, 33554432 bytes, 6294 cmdbytes] copy[2 cmds, 33554432 bytes, 0 false, 18 cmdbytes]
12.14user 0.41system 0:12.57elapsed 99%CPU (0avgtext+0avgdata 5304maxresident)k
131080inputs+65568outputs (0major+1073minor)pagefaults 0swaps

librsync: patch statistics: literal[2098 cmds, 33554432 bytes, 6294 cmdbytes] copy[2 cmds, 33554432 bytes, 0 false, 18 cmdbytes]
0.03user 0.38system 0:00.41elapsed 99%CPU (0avgtext+0avgdata 1720maxresident)k
0inputs+131072outputs (0major+101minor)pagefaults 0swaps

-rw-rw-r-- 1 abo abo 33560749 Apr 11 11:12 /tmp/delta.64K
-rw-rw-r-- 1 abo abo   786444 Apr 11 11:12 /tmp/sig.64K

102K blocks of 1K size using sig args '-b 1024 -S 8'
========================================
librsync: signature statistics: signature[104448 blocks, 1024 bytes per block]
0.92user 0.22system 0:01.16elapsed 98%CPU (0avgtext+0avgdata 1780maxresident)k
208904inputs+2456outputs (0major+96minor)pagefaults 0swaps

librsync: loadsig statistics: signature[104448 blocks, 1024 bytes per block]
librsync: delta statistics: literal[3344 cmds, 53477376 bytes, 10032 cmdbytes] copy[2 cmds, 53477376 bytes, 0 false, 18 cmdbytes]
24.01user 0.75system 0:24.79elapsed 99%CPU (0avgtext+0avgdata 7252maxresident)k
208904inputs+104480outputs (0major+1529minor)pagefaults 0swaps

librsync: patch statistics: literal[3344 cmds, 53477376 bytes, 10032 cmdbytes] copy[2 cmds, 53477376 bytes, 0 false, 18 cmdbytes]
0.09user 0.57system 0:00.67elapsed 99%CPU (0avgtext+0avgdata 1732maxresident)k
0inputs+208896outputs (0major+101minor)pagefaults 0swaps

-rw-rw-r-- 1 abo abo 53487431 Apr 11 11:13 /tmp/delta.102K
-rw-rw-r-- 1 abo abo  1253388 Apr 11 11:12 /tmp/sig.102K

103K blocks of 1K size using sig args '-b 1024 -S 8'
========================================
librsync: signature statistics: signature[105472 blocks, 1024 bytes per block]
0.92user 0.23system 0:01.15elapsed 99%CPU (0avgtext+0avgdata 1732maxresident)k
210952inputs+2480outputs (0major+91minor)pagefaults 0swaps

librsync: loadsig statistics: signature[105472 blocks, 1024 bytes per block]
librsync: delta statistics: literal[3376 cmds, 54001664 bytes, 10128 cmdbytes] copy[2 cmds, 54001664 bytes, 0 false, 18 cmdbytes]
24.40user 0.71system 0:25.16elapsed 99%CPU (0avgtext+0avgdata 7216maxresident)k
210952inputs+105504outputs (0major+1542minor)pagefaults 0swaps

librsync: patch statistics: literal[3376 cmds, 54001664 bytes, 10128 cmdbytes] copy[2 cmds, 54001664 bytes, 0 false, 18 cmdbytes]
0.08user 0.62system 0:00.71elapsed 99%CPU (0avgtext+0avgdata 1828maxresident)k
0inputs+210944outputs (0major+102minor)pagefaults 0swaps

-rw-rw-r-- 1 abo abo 54011815 Apr 11 11:13 /tmp/delta.103K
-rw-rw-r-- 1 abo abo  1265676 Apr 11 11:13 /tmp/sig.103K

128K blocks of 1K size using sig args '-b 1024 -S 8'
========================================
librsync: signature statistics: signature[131072 blocks, 1024 bytes per block]
1.21user 0.21system 0:01.44elapsed 98%CPU (0avgtext+0avgdata 1752maxresident)k
262152inputs+3080outputs (0major+94minor)pagefaults 0swaps

librsync: loadsig statistics: signature[131072 blocks, 1024 bytes per block]
librsync: delta statistics: literal[4196 cmds, 67108864 bytes, 12588 cmdbytes] copy[2 cmds, 67108864 bytes, 0 false, 18 cmdbytes]
33.33user 0.83system 0:34.27elapsed 99%CPU (0avgtext+0avgdata 8268maxresident)k
262152inputs+131112outputs (0major+1843minor)pagefaults 0swaps

librsync: patch statistics: literal[4196 cmds, 67108864 bytes, 12588 cmdbytes] copy[2 cmds, 67108864 bytes, 0 false, 18 cmdbytes]
0.11user 0.76system 0:00.87elapsed 99%CPU (0avgtext+0avgdata 1780maxresident)k
0inputs+262144outputs (0major+103minor)pagefaults 0swaps

-rw-rw-r-- 1 abo abo 67121475 Apr 11 11:14 /tmp/delta.128K
-rw-rw-r-- 1 abo abo  1572876 Apr 11 11:13 /tmp/sig.128K

204K blocks of 1K size using sig args '-b 1024 -S 8'
========================================
librsync: signature statistics: signature[208896 blocks, 1024 bytes per block]
1.87user 0.40system 0:02.28elapsed 99%CPU (0avgtext+0avgdata 1728maxresident)k
417800inputs+4904outputs (0major+93minor)pagefaults 0swaps

librsync: loadsig statistics: signature[208896 blocks, 1024 bytes per block]
librsync: delta statistics: literal[6686 cmds, 106954752 bytes, 20058 cmdbytes] copy[2 cmds, 106954752 bytes, 0 false, 18 cmdbytes]
63.75user 1.39system 1:05.16elapsed 99%CPU (0avgtext+0avgdata 12124maxresident)k
417800inputs+208952outputs (0major+2753minor)pagefaults 0swaps

librsync: patch statistics: literal[6686 cmds, 106954752 bytes, 20058 cmdbytes] copy[2 cmds, 106954752 bytes, 0 false, 18 cmdbytes]
0.20user 1.20system 0:01.41elapsed 99%CPU (0avgtext+0avgdata 1772maxresident)k
0inputs+417792outputs (0major+100minor)pagefaults 0swaps

-rw-rw-r-- 1 abo abo 106974833 Apr 11 11:15 /tmp/delta.204K
-rw-rw-r-- 1 abo abo   2506764 Apr 11 11:14 /tmp/sig.204K

205K blocks of 1K size using sig args '-b 1024 -S 8'
========================================
librsync: signature statistics: signature[209920 blocks, 1024 bytes per block]
1.94user 0.46system 0:02.58elapsed 93%CPU (0avgtext+0avgdata 1764maxresident)k
413024inputs+4928outputs (0major+97minor)pagefaults 0swaps

librsync: loadsig statistics: signature[209920 blocks, 1024 bytes per block]
librsync: delta statistics: literal[6718 cmds, 107479040 bytes, 20154 cmdbytes] copy[2 cmds, 107479040 bytes, 0 false, 18 cmdbytes]
64.47user 1.46system 1:05.99elapsed 99%CPU (0avgtext+0avgdata 12132maxresident)k
419848inputs+209968outputs (0major+2765minor)pagefaults 0swaps

librsync: patch statistics: literal[6718 cmds, 107479040 bytes, 20154 cmdbytes] copy[2 cmds, 107479040 bytes, 0 false, 18 cmdbytes]
0.17user 1.20system 0:01.38elapsed 99%CPU (0avgtext+0avgdata 1756maxresident)k
0inputs+419840outputs (0major+104minor)pagefaults 0swaps

-rw-rw-r-- 1 abo abo 107499217 Apr 11 11:16 /tmp/delta.205K
-rw-rw-r-- 1 abo abo   2519052 Apr 11 11:15 /tmp/sig.205K

256K blocks of 1K size using sig args '-b 1024 -S 8'
========================================
librsync: signature statistics: signature[262144 blocks, 1024 bytes per block]
2.36user 0.49system 0:03.00elapsed 95%CPU (0avgtext+0avgdata 1732maxresident)k
524296inputs+6152outputs (0major+92minor)pagefaults 0swaps

librsync: loadsig statistics: signature[262144 blocks, 1024 bytes per block]
librsync: delta statistics: literal[8390 cmds, 134217728 bytes, 25170 cmdbytes] copy[2 cmds, 134217728 bytes, 0 false, 18 cmdbytes]
86.54user 1.62system 1:28.19elapsed 99%CPU (0avgtext+0avgdata 14524maxresident)k
524296inputs+262208outputs (0major+3376minor)pagefaults 0swaps

librsync: patch statistics: literal[8390 cmds, 134217728 bytes, 25170 cmdbytes] copy[2 cmds, 134217728 bytes, 0 false, 18 cmdbytes]
0.22user 1.49system 0:01.72elapsed 99%CPU (0avgtext+0avgdata 1784maxresident)k
0inputs+524288outputs (0major+106minor)pagefaults 0swaps

-rw-rw-r-- 1 abo abo 134242921 Apr 11 11:18 /tmp/delta.256K
-rw-rw-r-- 1 abo abo   3145740 Apr 11 11:16 /tmp/sig.256K

409K blocks of 1K size using sig args '-b 1024 -S 8'
========================================
librsync: signature statistics: signature[418816 blocks, 1024 bytes per block]
3.87user 0.71system 0:04.74elapsed 96%CPU (0avgtext+0avgdata 1752maxresident)k
837608inputs+9832outputs (0major+93minor)pagefaults 0swaps

librsync: loadsig statistics: signature[418816 blocks, 1024 bytes per block]
librsync: delta statistics: literal[13404 cmds, 214433792 bytes, 40212 cmdbytes] copy[2 cmds, 214433792 bytes, 0 false, 18 cmdbytes]
160.84user 3.11system 2:44.15elapsed 99%CPU (0avgtext+0avgdata 21928maxresident)k
837640inputs+418904outputs (0major+5211minor)pagefaults 0swaps

librsync: patch statistics: literal[13404 cmds, 214433792 bytes, 40212 cmdbytes] copy[2 cmds, 214433792 bytes, 0 false, 18 cmdbytes]
0.42user 2.42system 0:04.62elapsed 61%CPU (0avgtext+0avgdata 1720maxresident)k
147368inputs+837632outputs (0major+101minor)pagefaults 0swaps

-rw-rw-r-- 1 abo abo 214474027 Apr 11 11:21 /tmp/delta.409K
-rw-rw-r-- 1 abo abo   5025804 Apr 11 11:18 /tmp/sig.409K

410K blocks of 1K size using sig args '-b 1024 -S 8'
========================================
librsync: signature statistics: signature[419840 blocks, 1024 bytes per block]
3.77user 0.84system 0:05.12elapsed 90%CPU (0avgtext+0avgdata 1756maxresident)k
824840inputs+9856outputs (0major+94minor)pagefaults 0swaps

librsync: loadsig statistics: signature[419840 blocks, 1024 bytes per block]
librsync: delta statistics: literal[13436 cmds, 214958080 bytes, 40308 cmdbytes] copy[2 cmds, 214958080 bytes, 0 false, 18 cmdbytes]
158.74user 2.75system 2:42.13elapsed 99%CPU (0avgtext+0avgdata 21904maxresident)k
839688inputs+419936outputs (0major+4716minor)pagefaults 0swaps

librsync: patch statistics: literal[13436 cmds, 214958080 bytes, 40308 cmdbytes] copy[2 cmds, 214958080 bytes, 0 false, 18 cmdbytes]
0.36user 2.40system 0:02.89elapsed 95%CPU (0avgtext+0avgdata 1788maxresident)k
0inputs+839680outputs (0major+102minor)pagefaults 0swaps

-rw-rw-r-- 1 abo abo 214998411 Apr 11 11:23 /tmp/delta.410K
-rw-rw-r-- 1 abo abo   5038092 Apr 11 11:21 /tmp/sig.410K

512K blocks of 1K size using sig args '-b 1024 -S 8'
========================================
librsync: signature statistics: signature[524288 blocks, 1024 bytes per block]
4.76user 0.96system 0:06.15elapsed 93%CPU (0avgtext+0avgdata 1796maxresident)k
1048584inputs+12304outputs (0major+97minor)pagefaults 0swaps

librsync: loadsig statistics: signature[524288 blocks, 1024 bytes per block]
librsync: delta statistics: literal[16778 cmds, 268435456 bytes, 50334 cmdbytes] copy[2 cmds, 268435456 bytes, 0 false, 18 cmdbytes]
214.69user 3.67system 3:38.63elapsed 99%CPU (0avgtext+0avgdata 26780maxresident)k
1048584inputs+524400outputs (0major+5937minor)pagefaults 0swaps

librsync: patch statistics: literal[16778 cmds, 268435456 bytes, 50334 cmdbytes] copy[2 cmds, 268435456 bytes, 0 false, 18 cmdbytes]
0.39user 3.10system 0:04.00elapsed 87%CPU (0avgtext+0avgdata 1780maxresident)k
0inputs+1048576outputs (0major+106minor)pagefaults 0swaps

-rw-rw-r-- 1 abo abo 268485813 Apr 11 11:27 /tmp/delta.512K
-rw-rw-r-- 1 abo abo   6291468 Apr 11 11:24 /tmp/sig.512K

819K blocks of 1K size using sig args '-b 1024 -S 8'
========================================
librsync: signature statistics: signature[838656 blocks, 1024 bytes per block]
7.58user 1.32system 0:09.64elapsed 92%CPU (0avgtext+0avgdata 1732maxresident)k
1210616inputs+19672outputs (0major+92minor)pagefaults 0swaps

librsync: loadsig statistics: signature[838656 blocks, 1024 bytes per block]
librsync: delta statistics: literal[26838 cmds, 429391872 bytes, 80514 cmdbytes] copy[2 cmds, 429391872 bytes, 0 false, 18 cmdbytes]
410.43user 5.53system 6:56.53elapsed 99%CPU (0avgtext+0avgdata 41448maxresident)k
1677320inputs+838824outputs (0major+9621minor)pagefaults 0swaps

librsync: patch statistics: literal[26838 cmds, 429391872 bytes, 80514 cmdbytes] copy[2 cmds, 429391872 bytes, 0 false, 18 cmdbytes]
0.73user 5.94system 0:15.54elapsed 42%CPU (0avgtext+0avgdata 1756maxresident)k
1244632inputs+1677320outputs (0major+104minor)pagefaults 0swaps

-rw-rw-r-- 1 abo abo 429472409 Apr 11 11:34 /tmp/delta.819K
-rw-rw-r-- 1 abo abo  10063884 Apr 11 11:28 /tmp/sig.819K

820K blocks of 1K size using sig args '-b 1024 -S 8'
========================================
librsync: signature statistics: signature[839680 blocks, 1024 bytes per block]
7.71user 1.60system 0:10.73elapsed 86%CPU (0avgtext+0avgdata 1728maxresident)k
1422536inputs+19696outputs (0major+95minor)pagefaults 0swaps

librsync: loadsig statistics: signature[839680 blocks, 1024 bytes per block]
librsync: delta statistics: literal[26870 cmds, 429916160 bytes, 80610 cmdbytes] copy[2 cmds, 429916160 bytes, 0 false, 18 cmdbytes]
412.59user 6.08system 6:58.91elapsed 99%CPU (0avgtext+0avgdata 41696maxresident)k
1679360inputs+839848outputs (0major+9124minor)pagefaults 0swaps

librsync: patch statistics: literal[26870 cmds, 429916160 bytes, 80610 cmdbytes] copy[2 cmds, 429916160 bytes, 0 false, 18 cmdbytes]
0.69user 4.89system 0:13.50elapsed 41%CPU (0avgtext+0avgdata 1776maxresident)k
27200inputs+1679368outputs (2major+105minor)pagefaults 0swaps

-rw-rw-r-- 1 abo abo 429996793 Apr 11 11:42 /tmp/delta.820K
-rw-rw-r-- 1 abo abo  10076172 Apr 11 11:35 /tmp/sig.820K

1024K blocks of 1K size using sig args '-b 1024 -S 8'
========================================
librsync: signature statistics: signature[1048576 blocks, 1024 bytes per block]
9.42user 2.19system 0:13.29elapsed 87%CPU (0avgtext+0avgdata 1752maxresident)k
2088256inputs+24600outputs (0major+95minor)pagefaults 0swaps

librsync: loadsig statistics: signature[1048576 blocks, 1024 bytes per block]
librsync: delta statistics: literal[33556 cmds, 536870912 bytes, 100668 cmdbytes] copy[2 cmds, 536870912 bytes, 0 false, 18 cmdbytes]
565.95user 7.11system 9:33.39elapsed 99%CPU (0avgtext+0avgdata 51340maxresident)k
2097160inputs+1048784outputs (0major+12595minor)pagefaults 0swaps

librsync: patch statistics: literal[33556 cmds, 536870912 bytes, 100668 cmdbytes] copy[2 cmds, 536870912 bytes, 0 false, 18 cmdbytes]
0.93user 6.93system 0:22.82elapsed 34%CPU (0avgtext+0avgdata 1788maxresident)k
1037848inputs+2097160outputs (0major+104minor)pagefaults 0swaps

-rw-rw-r-- 1 abo abo 536971603 Apr 11 11:52 /tmp/delta.1024K
-rw-rw-r-- 1 abo abo  12582924 Apr 11 11:42 /tmp/sig.1024K

