Version v2.3.0 with args ''
===============================================

rdiff (librsync 2.3.0)
Copyright (C) 1997-2016 by Martin Pool, Andrew Tridgell and others.
http://librsync.sourcefrog.net/
Capabilities: 64 bit files, trace disabled

librsync comes with NO WARRANTY, to the extent permitted by law.
You may redistribute copies of librsync under the terms of the GNU
Lesser General Public License.  For more information about these
matters, see the files named COPYING.

32K blocks of 1K size using sig args ''
========================================
librsync: signature statistics: signature[5794 blocks, 5792 bytes per block] speed[33.6 MB (33.6 MB/s) in, 0.2 MB (0.2 MB/s) out, 1 sec]
0.38user 0.07system 0:00.46elapsed 98%CPU (0avgtext+0avgdata 1720maxresident)k
65536inputs+408outputs (0major+95minor)pagefaults 0swaps

librsync: loadsig statistics: signature[5794 blocks, 5792 bytes per block] speed[0.2 MB (0.2 MB/s) in, 0.0 MB (0.0 MB/s) out, 1 sec]
librsync: match statistics: signature[16789487 searches, 2895 (0.017%) matches, 49143591 (2.927x) weak sum compares, 2919 (0.017%) strong sum compares, 2919 (0.017%) strong sum calcs]
librsync: delta statistics: literal[515 cmds, 16786592 bytes, 1545 cmdbytes] copy[2 cmds, 16767840 bytes, 18 cmdbytes, 0 false] speed[33.6 MB (16.8 MB/s) in, 16.8 MB (8.4 MB/s) out, 2 sec]
1.47user 0.11system 0:01.58elapsed 99%CPU (0avgtext+0avgdata 2096maxresident)k
65536inputs+32792outputs (0major+200minor)pagefaults 0swaps

librsync: patch statistics: literal[515 cmds, 16786592 bytes, 1545 cmdbytes] copy[2 cmds, 16767840 bytes, 18 cmdbytes, 0 false] speed[16.8 MB (16.8 MB/s) in, 33.6 MB (33.6 MB/s) out, 1 sec]
0.00user 0.17system 0:00.17elapsed 98%CPU (0avgtext+0avgdata 1824maxresident)k
0inputs+65536outputs (0major+123minor)pagefaults 0swaps

-rw-rw-r-- 1 abo abo 16788160 Apr 11 10:23 /tmp/delta.32K
-rw-rw-r-- 1 abo abo   208596 Apr 11 10:23 /tmp/sig.32K

51K blocks of 1K size using sig args ''
========================================
librsync: signature statistics: signature[7314 blocks, 7312 bytes per block] speed[53.5 MB (53.5 MB/s) in, 0.3 MB (0.3 MB/s) out, 1 sec]
0.51user 0.08system 0:00.60elapsed 99%CPU (0avgtext+0avgdata 1760maxresident)k
104456inputs+520outputs (0major+101minor)pagefaults 0swaps

librsync: loadsig statistics: signature[7314 blocks, 7312 bytes per block] speed[0.3 MB (0.3 MB/s) in, 0.0 MB (0.0 MB/s) out, 1 sec]
librsync: match statistics: signature[26762982 searches, 3654 (0.014%) matches, 24814864 (0.927x) weak sum compares, 3702 (0.014%) strong sum compares, 3702 (0.014%) strong sum calcs]
librsync: delta statistics: literal[819 cmds, 26759328 bytes, 2457 cmdbytes] copy[2 cmds, 26718048 bytes, 18 cmdbytes, 0 false] speed[53.5 MB (17.8 MB/s) in, 26.8 MB (8.9 MB/s) out, 3 sec]
2.12user 0.34system 0:02.65elapsed 93%CPU (0avgtext+0avgdata 2264maxresident)k
104456inputs+52272outputs (0major+239minor)pagefaults 0swaps

librsync: patch statistics: literal[819 cmds, 26759328 bytes, 2457 cmdbytes] copy[2 cmds, 26718048 bytes, 18 cmdbytes, 0 false] speed[26.8 MB (26.8 MB/s) in, 53.5 MB (53.5 MB/s) out, 1 sec]
0.00user 0.27system 0:00.28elapsed 99%CPU (0avgtext+0avgdata 1884maxresident)k
0inputs+104448outputs (0major+123minor)pagefaults 0swaps

-rw-rw-r-- 1 abo abo 26761808 Apr 11 10:23 /tmp/delta.51K
-rw-rw-r-- 1 abo abo   263316 Apr 11 10:23 /tmp/sig.51K

52K blocks of 1K size using sig args ''
========================================
librsync: signature statistics: signature[7385 blocks, 7384 bytes per block] speed[54.5 MB (54.5 MB/s) in, 0.3 MB (0.3 MB/s) out, 1 sec]
0.52user 0.14system 0:00.66elapsed 99%CPU (0avgtext+0avgdata 1748maxresident)k
106496inputs+520outputs (0major+100minor)pagefaults 0swaps

librsync: loadsig statistics: signature[7385 blocks, 7384 bytes per block] speed[0.3 MB (0.3 MB/s) in, 0.0 MB (0.0 MB/s) out, 1 sec]
librsync: match statistics: signature[27282682 searches, 3690 (0.014%) matches, 25821810 (0.946x) weak sum compares, 3730 (0.014%) strong sum compares, 3730 (0.014%) strong sum calcs]
librsync: delta statistics: literal[835 cmds, 27278992 bytes, 2505 cmdbytes] copy[2 cmds, 27246960 bytes, 18 cmdbytes, 0 false] speed[54.5 MB (27.3 MB/s) in, 27.3 MB (13.6 MB/s) out, 2 sec]
2.04user 0.25system 0:02.31elapsed 99%CPU (0avgtext+0avgdata 2260maxresident)k
106496inputs+53296outputs (0major+242minor)pagefaults 0swaps

librsync: patch statistics: literal[835 cmds, 27278992 bytes, 2505 cmdbytes] copy[2 cmds, 27246960 bytes, 18 cmdbytes, 0 false] speed[27.3 MB (27.3 MB/s) in, 54.5 MB (54.5 MB/s) out, 1 sec]
0.01user 0.27system 0:00.29elapsed 98%CPU (0avgtext+0avgdata 1872maxresident)k
0inputs+106496outputs (0major+124minor)pagefaults 0swaps

-rw-rw-r-- 1 abo abo 27281520 Apr 11 10:23 /tmp/delta.52K
-rw-rw-r-- 1 abo abo   265872 Apr 11 10:23 /tmp/sig.52K

64K blocks of 1K size using sig args ''
========================================
librsync: signature statistics: signature[8192 blocks, 8192 bytes per block] speed[67.1 MB (67.1 MB/s) in, 0.3 MB (0.3 MB/s) out, 1 sec]
0.61user 0.16system 0:00.77elapsed 99%CPU (0avgtext+0avgdata 1760maxresident)k
131072inputs+584outputs (0major+98minor)pagefaults 0swaps

librsync: loadsig statistics: signature[8192 blocks, 8192 bytes per block] speed[0.3 MB (0.3 MB/s) in, 0.0 MB (0.0 MB/s) out, 1 sec]
librsync: match statistics: signature[33558528 searches, 4096 (0.012%) matches, 39950585 (1.190x) weak sum compares, 4171 (0.012%) strong sum compares, 4171 (0.012%) strong sum calcs]
librsync: delta statistics: literal[1024 cmds, 33554432 bytes, 3072 cmdbytes] copy[2 cmds, 33554432 bytes, 18 cmdbytes, 0 false] speed[67.1 MB (22.4 MB/s) in, 33.6 MB (11.2 MB/s) out, 3 sec]
2.66user 0.36system 0:03.03elapsed 99%CPU (0avgtext+0avgdata 2292maxresident)k
131080inputs+65544outputs (0major+251minor)pagefaults 0swaps

librsync: patch statistics: literal[1024 cmds, 33554432 bytes, 3072 cmdbytes] copy[2 cmds, 33554432 bytes, 18 cmdbytes, 0 false] speed[33.6 MB (33.6 MB/s) in, 67.1 MB (67.1 MB/s) out, 1 sec]
0.01user 0.34system 0:00.35elapsed 99%CPU (0avgtext+0avgdata 1844maxresident)k
0inputs+131072outputs (0major+124minor)pagefaults 0swaps

-rw-rw-r-- 1 abo abo 33557527 Apr 11 10:23 /tmp/delta.64K
-rw-rw-r-- 1 abo abo   294924 Apr 11 10:23 /tmp/sig.64K

102K blocks of 1K size using sig args ''
========================================
librsync: signature statistics: signature[10343 blocks, 10341 bytes per block] speed[107.0 MB (107.0 MB/s) in, 0.4 MB (0.4 MB/s) out, 1 sec]
0.99user 0.20system 0:01.20elapsed 99%CPU (0avgtext+0avgdata 1840maxresident)k
208904inputs+728outputs (0major+104minor)pagefaults 0swaps

librsync: loadsig statistics: signature[10343 blocks, 10341 bytes per block] speed[0.4 MB (0.4 MB/s) in, 0.0 MB (0.0 MB/s) out, 1 sec]
librsync: match statistics: signature[53507292 searches, 5169 (0.010%) matches, 109425531 (2.045x) weak sum compares, 5277 (0.010%) strong sum compares, 5277 (0.010%) strong sum calcs]
librsync: delta statistics: literal[1635 cmds, 53502123 bytes, 4905 cmdbytes] copy[2 cmds, 53452629 bytes, 18 cmdbytes, 0 false] speed[107.0 MB (21.4 MB/s) in, 53.5 MB (10.7 MB/s) out, 5 sec]
4.46user 0.45system 0:04.92elapsed 99%CPU (0avgtext+0avgdata 2320maxresident)k
208904inputs+104512outputs (0major+269minor)pagefaults 0swaps

librsync: patch statistics: literal[1635 cmds, 53502123 bytes, 4905 cmdbytes] copy[2 cmds, 53452629 bytes, 18 cmdbytes, 0 false] speed[53.5 MB (53.5 MB/s) in, 107.0 MB (107.0 MB/s) out, 1 sec]
0.04user 0.52system 0:00.57elapsed 99%CPU (0avgtext+0avgdata 1868maxresident)k
0inputs+208896outputs (0major+123minor)pagefaults 0swaps

-rw-rw-r-- 1 abo abo 53507051 Apr 11 10:23 /tmp/delta.102K
-rw-rw-r-- 1 abo abo   372360 Apr 11 10:23 /tmp/sig.102K

103K blocks of 1K size using sig args ''
========================================
librsync: signature statistics: signature[10393 blocks, 10392 bytes per block] speed[108.0 MB (108.0 MB/s) in, 0.4 MB (0.4 MB/s) out, 1 sec]
1.00user 0.18system 0:01.18elapsed 99%CPU (0avgtext+0avgdata 1768maxresident)k
210952inputs+736outputs (0major+103minor)pagefaults 0swaps

librsync: loadsig statistics: signature[10393 blocks, 10392 bytes per block] speed[0.4 MB (0.4 MB/s) in, 0.0 MB (0.0 MB/s) out, 1 sec]
librsync: match statistics: signature[54032474 searches, 5194 (0.010%) matches, 110621504 (2.047x) weak sum compares, 5312 (0.010%) strong sum compares, 5312 (0.010%) strong sum calcs]
librsync: delta statistics: literal[1651 cmds, 54027280 bytes, 4953 cmdbytes] copy[2 cmds, 53976048 bytes, 18 cmdbytes, 0 false] speed[108.0 MB (21.6 MB/s) in, 54.0 MB (10.8 MB/s) out, 5 sec]
4.55user 0.46system 0:05.03elapsed 99%CPU (0avgtext+0avgdata 2348maxresident)k
210952inputs+105544outputs (0major+270minor)pagefaults 0swaps

librsync: patch statistics: literal[1651 cmds, 54027280 bytes, 4953 cmdbytes] copy[2 cmds, 53976048 bytes, 18 cmdbytes, 0 false] speed[54.0 MB (54.0 MB/s) in, 108.0 MB (108.0 MB/s) out, 1 sec]
0.02user 0.54system 0:00.56elapsed 99%CPU (0avgtext+0avgdata 1844maxresident)k
0inputs+210944outputs (0major+124minor)pagefaults 0swaps

-rw-rw-r-- 1 abo abo 54032256 Apr 11 10:23 /tmp/delta.103K
-rw-rw-r-- 1 abo abo   374160 Apr 11 10:23 /tmp/sig.103K

128K blocks of 1K size using sig args ''
========================================
librsync: signature statistics: signature[11586 blocks, 11585 bytes per block] speed[134.2 MB (134.2 MB/s) in, 0.4 MB (0.4 MB/s) out, 1 sec]
1.23user 0.24system 0:01.48elapsed 99%CPU (0avgtext+0avgdata 1772maxresident)k
262152inputs+816outputs (0major+103minor)pagefaults 0swaps

librsync: loadsig statistics: signature[11586 blocks, 11585 bytes per block] speed[0.4 MB (0.4 MB/s) in, 0.0 MB (0.0 MB/s) out, 1 sec]
librsync: match statistics: signature[67134784 searches, 5791 (0.009%) matches, 192951116 (2.874x) weak sum compares, 5978 (0.009%) strong sum compares, 5978 (0.009%) strong sum calcs]
librsync: delta statistics: literal[2051 cmds, 67128993 bytes, 6153 cmdbytes] copy[2 cmds, 67088735 bytes, 18 cmdbytes, 0 false] speed[134.2 MB (19.2 MB/s) in, 67.1 MB (9.6 MB/s) out, 7 sec]
5.94user 0.61system 0:06.57elapsed 99%CPU (0avgtext+0avgdata 2356maxresident)k
262152inputs+131136outputs (0major+279minor)pagefaults 0swaps

librsync: patch statistics: literal[2051 cmds, 67128993 bytes, 6153 cmdbytes] copy[2 cmds, 67088735 bytes, 18 cmdbytes, 0 false] speed[67.1 MB (67.1 MB/s) in, 134.2 MB (134.2 MB/s) out, 1 sec]
0.05user 0.68system 0:00.74elapsed 99%CPU (0avgtext+0avgdata 1848maxresident)k
0inputs+262144outputs (0major+125minor)pagefaults 0swaps

-rw-rw-r-- 1 abo abo 67135169 Apr 11 10:23 /tmp/delta.128K
-rw-rw-r-- 1 abo abo   417108 Apr 11 10:23 /tmp/sig.128K

204K blocks of 1K size using sig args ''
========================================
librsync: signature statistics: signature[14627 blocks, 14625 bytes per block] speed[213.9 MB (107.0 MB/s) in, 0.5 MB (0.3 MB/s) out, 2 sec]
2.05user 0.30system 0:02.36elapsed 99%CPU (0avgtext+0avgdata 1880maxresident)k
417800inputs+1032outputs (0major+105minor)pagefaults 0swaps

librsync: loadsig statistics: signature[14627 blocks, 14625 bytes per block] speed[0.5 MB (0.5 MB/s) in, 0.0 MB (0.0 MB/s) out, 1 sec]
librsync: match statistics: signature[106993440 searches, 7311 (0.007%) matches, 99005771 (0.925x) weak sum compares, 7683 (0.007%) strong sum compares, 7683 (0.007%) strong sum calcs]
librsync: delta statistics: literal[3267 cmds, 106986129 bytes, 9800 cmdbytes] copy[2 cmds, 106923375 bytes, 18 cmdbytes, 0 false] speed[213.9 MB (17.8 MB/s) in, 107.0 MB (8.9 MB/s) out, 12 sec]
9.54user 1.80system 0:11.36elapsed 99%CPU (0avgtext+0avgdata 2724maxresident)k
417800inputs+208984outputs (0major+392minor)pagefaults 0swaps

librsync: patch statistics: literal[3267 cmds, 106986129 bytes, 9800 cmdbytes] copy[2 cmds, 106923375 bytes, 18 cmdbytes, 0 false] speed[107.0 MB (107.0 MB/s) in, 213.9 MB (213.9 MB/s) out, 1 sec]
0.06user 1.11system 0:01.19elapsed 99%CPU (0avgtext+0avgdata 1844maxresident)k
0inputs+417792outputs (0major+123minor)pagefaults 0swaps

-rw-rw-r-- 1 abo abo 106995952 Apr 11 10:23 /tmp/delta.204K
-rw-rw-r-- 1 abo abo    526584 Apr 11 10:23 /tmp/sig.204K

205K blocks of 1K size using sig args ''
========================================
librsync: signature statistics: signature[14662 blocks, 14661 bytes per block] speed[215.0 MB (107.5 MB/s) in, 0.5 MB (0.3 MB/s) out, 2 sec]
2.08user 0.31system 0:02.40elapsed 99%CPU (0avgtext+0avgdata 1808maxresident)k
419848inputs+1040outputs (0major+109minor)pagefaults 0swaps

librsync: loadsig statistics: signature[14662 blocks, 14661 bytes per block] speed[0.5 MB (0.5 MB/s) in, 0.0 MB (0.0 MB/s) out, 1 sec]
librsync: match statistics: signature[107500280 searches, 7330 (0.007%) matches, 101219451 (0.942x) weak sum compares, 7705 (0.007%) strong sum compares, 7705 (0.007%) strong sum calcs]
librsync: delta statistics: literal[3283 cmds, 107492950 bytes, 9849 cmdbytes] copy[2 cmds, 107465130 bytes, 18 cmdbytes, 0 false] speed[215.0 MB (23.9 MB/s) in, 107.5 MB (11.9 MB/s) out, 9 sec]
8.56user 1.25system 0:09.83elapsed 99%CPU (0avgtext+0avgdata 2732maxresident)k
419848inputs+209976outputs (0major+393minor)pagefaults 0swaps

librsync: patch statistics: literal[3283 cmds, 107492950 bytes, 9849 cmdbytes] copy[2 cmds, 107465130 bytes, 18 cmdbytes, 0 false] speed[107.5 MB (53.8 MB/s) in, 215.0 MB (107.5 MB/s) out, 2 sec]
0.06user 1.12system 0:01.18elapsed 99%CPU (0avgtext+0avgdata 1884maxresident)k
0inputs+419840outputs (0major+122minor)pagefaults 0swaps

-rw-rw-r-- 1 abo abo 107502822 Apr 11 10:24 /tmp/delta.205K
-rw-rw-r-- 1 abo abo    527844 Apr 11 10:23 /tmp/sig.205K

256K blocks of 1K size using sig args ''
========================================
librsync: signature statistics: signature[16384 blocks, 16384 bytes per block] speed[268.4 MB (89.5 MB/s) in, 0.6 MB (0.2 MB/s) out, 3 sec]
2.46user 0.43system 0:02.90elapsed 99%CPU (0avgtext+0avgdata 1876maxresident)k
524296inputs+1160outputs (0major+106minor)pagefaults 0swaps

librsync: loadsig statistics: signature[16384 blocks, 16384 bytes per block] speed[0.6 MB (0.6 MB/s) in, 0.0 MB (0.0 MB/s) out, 1 sec]
librsync: match statistics: signature[134225920 searches, 8192 (0.006%) matches, 156521463 (1.166x) weak sum compares, 8678 (0.006%) strong sum compares, 8678 (0.006%) strong sum calcs]
librsync: delta statistics: literal[4096 cmds, 134217728 bytes, 12288 cmdbytes] copy[2 cmds, 134217728 bytes, 18 cmdbytes, 0 false] speed[268.4 MB (22.4 MB/s) in, 134.2 MB (11.2 MB/s) out, 12 sec]
10.73user 1.24system 0:11.98elapsed 99%CPU (0avgtext+0avgdata 2732maxresident)k
524296inputs+262176outputs (0major+409minor)pagefaults 0swaps

librsync: patch statistics: literal[4096 cmds, 134217728 bytes, 12288 cmdbytes] copy[2 cmds, 134217728 bytes, 18 cmdbytes, 0 false] speed[134.2 MB (134.2 MB/s) in, 268.4 MB (268.4 MB/s) out, 1 sec]
0.09user 1.36system 0:01.46elapsed 99%CPU (0avgtext+0avgdata 1848maxresident)k
0inputs+524288outputs (0major+124minor)pagefaults 0swaps

-rw-rw-r-- 1 abo abo 134230039 Apr 11 10:24 /tmp/delta.256K
-rw-rw-r-- 1 abo abo    589836 Apr 11 10:24 /tmp/sig.256K

409K blocks of 1K size using sig args ''
========================================
librsync: signature statistics: signature[20710 blocks, 20709 bytes per block] speed[428.9 MB (85.8 MB/s) in, 0.7 MB (0.1 MB/s) out, 5 sec]
4.04user 0.72system 0:04.87elapsed 97%CPU (0avgtext+0avgdata 1820maxresident)k
837640inputs+1464outputs (0major+113minor)pagefaults 0swaps

librsync: loadsig statistics: signature[20710 blocks, 20709 bytes per block] speed[0.7 MB (0.7 MB/s) in, 0.0 MB (0.0 MB/s) out, 1 sec]
librsync: match statistics: signature[214498368 searches, 10352 (0.005%) matches, 434686666 (2.027x) weak sum compares, 11378 (0.005%) strong sum compares, 11378 (0.005%) strong sum calcs]
librsync: delta statistics: literal[6548 cmds, 214488016 bytes, 19644 cmdbytes] copy[2 cmds, 214379568 bytes, 18 cmdbytes, 0 false] speed[428.9 MB (21.4 MB/s) in, 214.5 MB (10.7 MB/s) out, 20 sec]
18.48user 2.02system 0:20.52elapsed 99%CPU (0avgtext+0avgdata 2996maxresident)k
837640inputs+418968outputs (0major+463minor)pagefaults 0swaps

librsync: patch statistics: literal[6548 cmds, 214488016 bytes, 19644 cmdbytes] copy[2 cmds, 214379568 bytes, 18 cmdbytes, 0 false] speed[214.5 MB (71.5 MB/s) in, 428.9 MB (143.0 MB/s) out, 3 sec]
0.12user 2.32system 0:02.73elapsed 89%CPU (0avgtext+0avgdata 1920maxresident)k
0inputs+837632outputs (0major+125minor)pagefaults 0swaps

-rw-rw-r-- 1 abo abo 214507683 Apr 11 10:24 /tmp/delta.409K
-rw-rw-r-- 1 abo abo    745572 Apr 11 10:24 /tmp/sig.409K

410K blocks of 1K size using sig args ''
========================================
librsync: signature statistics: signature[20735 blocks, 20734 bytes per block] speed[429.9 MB (86.0 MB/s) in, 0.7 MB (0.1 MB/s) out, 5 sec]
4.07user 0.72system 0:05.04elapsed 95%CPU (0avgtext+0avgdata 1816maxresident)k
839688inputs+1464outputs (0major+115minor)pagefaults 0swaps

librsync: loadsig statistics: signature[20735 blocks, 20734 bytes per block] speed[0.7 MB (0.7 MB/s) in, 0.0 MB (0.0 MB/s) out, 1 sec]
librsync: match statistics: signature[215018615 searches, 10365 (0.005%) matches, 435531315 (2.026x) weak sum compares, 11422 (0.005%) strong sum compares, 11421 (0.005%) strong sum calcs]
librsync: delta statistics: literal[6563 cmds, 215008250 bytes, 19689 cmdbytes] copy[2 cmds, 214907910 bytes, 18 cmdbytes, 0 false] speed[429.9 MB (20.5 MB/s) in, 215.0 MB (10.2 MB/s) out, 21 sec]
18.74user 1.93system 0:20.68elapsed 99%CPU (0avgtext+0avgdata 2976maxresident)k
839688inputs+419984outputs (0major+461minor)pagefaults 0swaps

librsync: patch statistics: literal[6563 cmds, 215008250 bytes, 19689 cmdbytes] copy[2 cmds, 214907910 bytes, 18 cmdbytes, 0 false] speed[215.0 MB (30.7 MB/s) in, 429.9 MB (61.4 MB/s) out, 7 sec]
0.14user 2.40system 0:07.19elapsed 35%CPU (0avgtext+0avgdata 1828maxresident)k
130560inputs+839688outputs (0major+126minor)pagefaults 0swaps

-rw-rw-r-- 1 abo abo 215027962 Apr 11 10:25 /tmp/delta.410K
-rw-rw-r-- 1 abo abo    746472 Apr 11 10:25 /tmp/sig.410K

512K blocks of 1K size using sig args ''
========================================
librsync: signature statistics: signature[23171 blocks, 23170 bytes per block] speed[536.9 MB (89.5 MB/s) in, 0.8 MB (0.1 MB/s) out, 6 sec]
4.98user 0.84system 0:06.47elapsed 90%CPU (0avgtext+0avgdata 1804maxresident)k
959792inputs+1632outputs (0major+119minor)pagefaults 0swaps

librsync: loadsig statistics: signature[23171 blocks, 23170 bytes per block] speed[0.8 MB (0.8 MB/s) in, 0.0 MB (0.0 MB/s) out, 1 sec]
librsync: match statistics: signature[268481216 searches, 11584 (0.004%) matches, 784062701 (2.920x) weak sum compares, 13045 (0.005%) strong sum compares, 13045 (0.005%) strong sum calcs]
librsync: delta statistics: literal[8195 cmds, 268469632 bytes, 24585 cmdbytes] copy[2 cmds, 268401280 bytes, 18 cmdbytes, 0 false] speed[536.9 MB (19.2 MB/s) in, 268.5 MB (9.6 MB/s) out, 28 sec]
24.82user 2.48system 0:27.32elapsed 99%CPU (0avgtext+0avgdata 3096maxresident)k
1048584inputs+524416outputs (0major+481minor)pagefaults 0swaps

librsync: patch statistics: literal[8195 cmds, 268469632 bytes, 24585 cmdbytes] copy[2 cmds, 268401280 bytes, 18 cmdbytes, 0 false] speed[268.5 MB (24.4 MB/s) in, 536.9 MB (48.8 MB/s) out, 11 sec]
0.16user 3.20system 0:11.00elapsed 30%CPU (0avgtext+0avgdata 1848maxresident)k
436336inputs+1048576outputs (0major+123minor)pagefaults 0swaps

-rw-rw-r-- 1 abo abo 268494240 Apr 11 10:26 /tmp/delta.512K
-rw-rw-r-- 1 abo abo    834168 Apr 11 10:25 /tmp/sig.512K

819K blocks of 1K size using sig args ''
========================================
librsync: signature statistics: signature[29306 blocks, 29305 bytes per block] speed[858.8 MB (85.9 MB/s) in, 1.1 MB (0.1 MB/s) out, 10 sec]
7.99user 1.39system 0:10.14elapsed 92%CPU (0avgtext+0avgdata 1872maxresident)k
1304200inputs+2064outputs (0major+119minor)pagefaults 0swaps

librsync: loadsig statistics: signature[29306 blocks, 29305 bytes per block] speed[1.1 MB (1.1 MB/s) in, 0.0 MB (0.0 MB/s) out, 1 sec]
librsync: match statistics: signature[429480144 searches, 14650 (0.003%) matches, 395219141 (0.920x) weak sum compares, 17716 (0.004%) strong sum compares, 17715 (0.004%) strong sum calcs]
librsync: delta statistics: literal[13107 cmds, 429465494 bytes, 39321 cmdbytes] copy[2 cmds, 429318250 bytes, 18 cmdbytes, 0 false] speed[858.8 MB (19.1 MB/s) in, 429.5 MB (9.5 MB/s) out, 45 sec]
36.20user 4.31system 0:44.37elapsed 91%CPU (0avgtext+0avgdata 3772maxresident)k
1677312inputs+838888outputs (0major+675minor)pagefaults 0swaps

librsync: patch statistics: literal[13107 cmds, 429465494 bytes, 39321 cmdbytes] copy[2 cmds, 429318250 bytes, 18 cmdbytes, 0 false] speed[429.5 MB (53.7 MB/s) in, 858.8 MB (107.3 MB/s) out, 8 sec]
0.20user 4.46system 0:08.37elapsed 55%CPU (0avgtext+0avgdata 1868maxresident)k
30088inputs+1677320outputs (0major+125minor)pagefaults 0swaps

-rw-rw-r-- 1 abo abo 429504838 Apr 11 10:27 /tmp/delta.819K
-rw-rw-r-- 1 abo abo   1055028 Apr 11 10:26 /tmp/sig.819K

820K blocks of 1K size using sig args ''
========================================
librsync: signature statistics: signature[29324 blocks, 29322 bytes per block] speed[859.8 MB (78.2 MB/s) in, 1.1 MB (0.1 MB/s) out, 11 sec]
7.99user 1.58system 0:10.68elapsed 89%CPU (0avgtext+0avgdata 1960maxresident)k
1679368inputs+2064outputs (0major+126minor)pagefaults 0swaps

librsync: loadsig statistics: signature[29324 blocks, 29322 bytes per block] speed[1.1 MB (1.1 MB/s) in, 0.0 MB (0.0 MB/s) out, 1 sec]
librsync: match statistics: signature[429986460 searches, 14660 (0.003%) matches, 399504096 (0.929x) weak sum compares, 17550 (0.004%) strong sum compares, 17550 (0.004%) strong sum calcs]
librsync: delta statistics: literal[13123 cmds, 429971800 bytes, 39369 cmdbytes] copy[2 cmds, 429860520 bytes, 18 cmdbytes, 0 false] speed[859.8 MB (20.5 MB/s) in, 430.0 MB (10.2 MB/s) out, 42 sec]
36.03user 4.25system 0:42.84elapsed 94%CPU (0avgtext+0avgdata 3680maxresident)k
1679368inputs+839880outputs (0major+671minor)pagefaults 0swaps

librsync: patch statistics: literal[13123 cmds, 429971800 bytes, 39369 cmdbytes] copy[2 cmds, 429860520 bytes, 18 cmdbytes, 0 false] speed[430.0 MB (28.7 MB/s) in, 859.8 MB (57.3 MB/s) out, 15 sec]
0.26user 4.77system 0:14.31elapsed 35%CPU (0avgtext+0avgdata 1844maxresident)k
369408inputs+1679360outputs (2major+121minor)pagefaults 0swaps

-rw-rw-r-- 1 abo abo 430011192 Apr 11 10:28 /tmp/delta.820K
-rw-rw-r-- 1 abo abo   1055676 Apr 11 10:27 /tmp/sig.820K

1024K blocks of 1K size using sig args ''
========================================
librsync: signature statistics: signature[32768 blocks, 32768 bytes per block] speed[1073.7 MB (82.6 MB/s) in, 1.2 MB (0.1 MB/s) out, 13 sec]
9.76user 1.98system 0:13.09elapsed 89%CPU (0avgtext+0avgdata 1856maxresident)k
2097160inputs+2312outputs (0major+123minor)pagefaults 0swaps

librsync: loadsig statistics: signature[32768 blocks, 32768 bytes per block] speed[1.2 MB (1.2 MB/s) in, 0.0 MB (0.0 MB/s) out, 1 sec]
librsync: match statistics: signature[536887296 searches, 16384 (0.003%) matches, 627658052 (1.169x) weak sum compares, 20412 (0.004%) strong sum compares, 20412 (0.004%) strong sum calcs]
librsync: delta statistics: literal[16384 cmds, 536870912 bytes, 49152 cmdbytes] copy[2 cmds, 536870912 bytes, 18 cmdbytes, 0 false] speed[1073.7 MB (19.2 MB/s) in, 536.9 MB (9.6 MB/s) out, 56 sec]
46.12user 5.58system 0:55.81elapsed 92%CPU (0avgtext+0avgdata 3804maxresident)k
2097160inputs+1048688outputs (0major+706minor)pagefaults 0swaps

librsync: patch statistics: literal[16384 cmds, 536870912 bytes, 49152 cmdbytes] copy[2 cmds, 536870912 bytes, 18 cmdbytes, 0 false] speed[536.9 MB (19.2 MB/s) in, 1073.7 MB (38.3 MB/s) out, 28 sec]
0.37user 6.56system 0:27.78elapsed 24%CPU (0avgtext+0avgdata 1824maxresident)k
1049376inputs+2097160outputs (0major+121minor)pagefaults 0swaps

-rw-rw-r-- 1 abo abo 536920087 Apr 11 10:29 /tmp/delta.1024K
-rw-rw-r-- 1 abo abo   1179660 Apr 11 10:28 /tmp/sig.1024K

